This file contains any messages produced by compilers while
running configure, to aid debugging if configure makes a mistake.

It was created by arc-theme configure 20190917, which was
generated by GNU Autoconf 2.69.  Invocation command line was

  $ ./configure --prefix=/usr --disable-cinnamon --disable-gtk2 --disable-metacity --disable-unity --disable-xfwm --disable-plank --disable-openbox

## --------- ##
## Platform. ##
## --------- ##

hostname = diasesilva
uname -m = x86_64
uname -r = 5.3.13-arch1-1
uname -s = Linux
uname -v = #1 SMP PREEMPT Sun, 24 Nov 2019 10:15:50 +0000

/usr/bin/uname -p = unknown
/bin/uname -X     = unknown

/bin/arch              = unknown
/usr/bin/arch -k       = unknown
/usr/convex/getsysinfo = unknown
/usr/bin/hostinfo      = unknown
/bin/machine           = unknown
/usr/bin/oslevel       = unknown
/bin/universe          = unknown

PATH: /usr/local/bin
PATH: /usr/local/sbin
PATH: /usr/bin
PATH: /usr/bin/site_perl
PATH: /usr/bin/vendor_perl
PATH: /usr/bin/core_perl


## ----------- ##
## Core tests. ##
## ----------- ##

configure:1860: checking for a BSD-compatible install
configure:1928: result: /usr/bin/install -c
configure:1939: checking whether build environment is sane
configure:1994: result: yes
configure:2143: checking for a thread-safe mkdir -p
configure:2182: result: /usr/bin/mkdir -p
configure:2189: checking for gawk
configure:2205: found /usr/bin/gawk
configure:2216: result: gawk
configure:2227: checking whether make sets $(MAKE)
configure:2249: result: yes
configure:2278: checking whether make supports nested variables
configure:2295: result: yes
configure:2421: checking whether ln -s works
configure:2425: result: yes
configure:2824: checking for pkg-config
configure:2842: found /usr/bin/pkg-config
configure:2854: result: /usr/bin/pkg-config
configure:2879: checking pkg-config is at least version 0.9.0
configure:2882: result: yes
configure:2896: $PKG_CONFIG --exists --print-errors "gtk+-3.0"
configure:2899: $? = 0
configure:2936: result: Building for GTK3 3.20
configure:2950: checking for gnome-shell
configure:2966: found /usr/bin/gnome-shell
configure:2979: result: yes
configure:3020: result: Building for gnome-shell 3.34
configure:3029: checking for rendersvg
configure:3062: result: no
configure:3068: WARNING: rendersvg not found, using inkscape instead
configure:3081: checking for inkscape
configure:3099: found /usr/bin/inkscape
configure:3111: result: /usr/bin/inkscape
configure:3132: checking for optipng
configure:3150: found /usr/bin/optipng
configure:3162: result: /usr/bin/optipng
configure:3189: checking for sassc
configure:3207: found /usr/bin/sassc
configure:3219: result: /usr/bin/sassc
configure:3373: checking that generated files are newer than configure
configure:3379: result: done
configure:3451: creating ./config.status

## ---------------------- ##
## Running config.status. ##
## ---------------------- ##

This file was extended by arc-theme config.status 20190917, which was
generated by GNU Autoconf 2.69.  Invocation command line was

  CONFIG_FILES    = 
  CONFIG_HEADERS  = 
  CONFIG_LINKS    = 
  CONFIG_COMMANDS = 
  $ ./config.status 

on diasesilva

config.status:809: creating common/gtk-2.0/Makefile
config.status:809: creating common/gtk-3.0/Makefile
config.status:809: creating common/gtk-3.0/3.18/Makefile
config.status:809: creating common/gtk-3.0/3.20/Makefile
config.status:809: creating common/xfwm4/Makefile
config.status:809: creating common/Makefile
config.status:809: creating extra/Makefile
config.status:809: creating Makefile

## ---------------- ##
## Cache variables. ##
## ---------------- ##

ac_cv_env_PKG_CONFIG_LIBDIR_set=
ac_cv_env_PKG_CONFIG_LIBDIR_value=
ac_cv_env_PKG_CONFIG_PATH_set=
ac_cv_env_PKG_CONFIG_PATH_value=
ac_cv_env_PKG_CONFIG_set=
ac_cv_env_PKG_CONFIG_value=
ac_cv_env_build_alias_set=
ac_cv_env_build_alias_value=
ac_cv_env_host_alias_set=
ac_cv_env_host_alias_value=
ac_cv_env_target_alias_set=
ac_cv_env_target_alias_value=
ac_cv_path_INKSCAPE=/usr/bin/inkscape
ac_cv_path_OPTIPNG=/usr/bin/optipng
ac_cv_path_SASSC=/usr/bin/sassc
ac_cv_path_ac_pt_PKG_CONFIG=/usr/bin/pkg-config
ac_cv_path_install='/usr/bin/install -c'
ac_cv_path_mkdir=/usr/bin/mkdir
ac_cv_prog_AWK=gawk
ac_cv_prog_GNOME_SHELL_FOUND=yes
ac_cv_prog_make_make_set=yes
am_cv_make_support_nested_variables=yes

## ----------------- ##
## Output variables. ##
## ----------------- ##

ACLOCAL='${SHELL} /home/andreluisos/Documents/Projects/arc-fusion/build-aux/missing aclocal-1.16'
AMTAR='$${TAR-tar}'
AM_BACKSLASH='\'
AM_DEFAULT_V='$(AM_DEFAULT_VERBOSITY)'
AM_DEFAULT_VERBOSITY='1'
AM_V='$(V)'
AUTOCONF='${SHELL} /home/andreluisos/Documents/Projects/arc-fusion/build-aux/missing autoconf'
AUTOHEADER='${SHELL} /home/andreluisos/Documents/Projects/arc-fusion/build-aux/missing autoheader'
AUTOMAKE='${SHELL} /home/andreluisos/Documents/Projects/arc-fusion/build-aux/missing automake-1.16'
AWK='gawk'
CYGPATH_W='echo'
DEFS='-DPACKAGE_NAME=\"arc-theme\" -DPACKAGE_TARNAME=\"arc-theme\" -DPACKAGE_VERSION=\"20190917\" -DPACKAGE_STRING=\"arc-theme\ 20190917\" -DPACKAGE_BUGREPORT=\"https://github.com/arc-design/arc-theme/issues\" -DPACKAGE_URL=\"https://github.com/arc-design/arc-theme\" -DPACKAGE=\"arc-theme\" -DVERSION=\"20190917\"'
ECHO_C=''
ECHO_N='-n'
ECHO_T=''
ENABLE_CINNAMON='no'
ENABLE_CINNAMON_FALSE=''
ENABLE_CINNAMON_TRUE='#'
ENABLE_DARK='yes'
ENABLE_DARKER='yes'
ENABLE_DARKER_FALSE='#'
ENABLE_DARKER_TRUE=''
ENABLE_DARK_FALSE='#'
ENABLE_DARK_TRUE=''
ENABLE_GNOME_SHELL='yes'
ENABLE_GNOME_SHELL_FALSE='#'
ENABLE_GNOME_SHELL_TRUE=''
ENABLE_GTK2='no'
ENABLE_GTK2_FALSE=''
ENABLE_GTK2_TRUE='#'
ENABLE_GTK3='yes'
ENABLE_GTK3_FALSE='#'
ENABLE_GTK3_TRUE=''
ENABLE_LIGHT='yes'
ENABLE_LIGHT_FALSE='#'
ENABLE_LIGHT_TRUE=''
ENABLE_METACITY='no'
ENABLE_METACITY_FALSE=''
ENABLE_METACITY_TRUE='#'
ENABLE_OPENBOX='no'
ENABLE_OPENBOX_FALSE=''
ENABLE_OPENBOX_TRUE='#'
ENABLE_PLANK='no'
ENABLE_PLANK_FALSE=''
ENABLE_PLANK_TRUE='#'
ENABLE_TRANSPARENCY='yes'
ENABLE_TRANSPARENCY_FALSE='#'
ENABLE_TRANSPARENCY_TRUE=''
ENABLE_UNITY='no'
ENABLE_UNITY_FALSE=''
ENABLE_UNITY_TRUE='#'
ENABLE_XFWM='no'
ENABLE_XFWM_FALSE=''
ENABLE_XFWM_TRUE='#'
GNOME_SHELL_FOUND='yes'
GNOME_SHELL_VERSION='3.34'
GTK3_VERSION='3.20'
INKSCAPE='/usr/bin/inkscape'
INKSCAPE_FALSE='#'
INKSCAPE_TRUE=''
INSTALL_DATA='${INSTALL} -m 644'
INSTALL_PROGRAM='${INSTALL}'
INSTALL_SCRIPT='${INSTALL}'
INSTALL_STRIP_PROGRAM='$(install_sh) -c -s'
LIBOBJS=''
LIBS=''
LN_S='ln -s'
LTLIBOBJS=''
MAKEINFO='${SHELL} /home/andreluisos/Documents/Projects/arc-fusion/build-aux/missing makeinfo'
MKDIR_P='/usr/bin/mkdir -p'
OPTIPNG='/usr/bin/optipng'
OPTIPNG_FALSE='#'
OPTIPNG_TRUE=''
PACKAGE='arc-theme'
PACKAGE_BUGREPORT='https://github.com/arc-design/arc-theme/issues'
PACKAGE_NAME='arc-theme'
PACKAGE_STRING='arc-theme 20190917'
PACKAGE_TARNAME='arc-theme'
PACKAGE_URL='https://github.com/arc-design/arc-theme'
PACKAGE_VERSION='20190917'
PATH_SEPARATOR=':'
PKG_CONFIG='/usr/bin/pkg-config'
PKG_CONFIG_LIBDIR=''
PKG_CONFIG_PATH=''
RENDERSVG=''
RENDERSVG_FALSE=''
RENDERSVG_TRUE='#'
SASSC='/usr/bin/sassc'
SET_MAKE=''
SHELL='/bin/sh'
STRIP=''
VERSION='20190917'
am__isrc=''
am__leading_dot='.'
am__tar='$${TAR-tar} chof - "$$tardir"'
am__untar='$${TAR-tar} xf -'
bindir='${exec_prefix}/bin'
build_alias=''
datadir='${datarootdir}'
datarootdir='${prefix}/share'
docdir='${datarootdir}/doc/${PACKAGE_TARNAME}'
dvidir='${docdir}'
exec_prefix='${prefix}'
gtk3themedarkdir='${datarootdir}/themes/Arc-Dark/gtk-3.0'
gtk3themedarkerdir='${datarootdir}/themes/Arc-Darker/gtk-3.0'
gtk3themedir='${datarootdir}/themes/Arc/gtk-3.0'
host_alias=''
htmldir='${docdir}'
includedir='${prefix}/include'
infodir='${datarootdir}/info'
install_sh='${SHELL} /home/andreluisos/Documents/Projects/arc-fusion/build-aux/install-sh'
libdir='${exec_prefix}/lib'
libexecdir='${exec_prefix}/libexec'
localedir='${datarootdir}/locale'
localstatedir='${prefix}/var'
mandir='${datarootdir}/man'
mkdir_p='$(MKDIR_P)'
oldincludedir='/usr/include'
pdfdir='${docdir}'
prefix='/usr'
program_transform_name='s,x,x,'
psdir='${docdir}'
sbindir='${exec_prefix}/sbin'
sharedstatedir='${prefix}/com'
sysconfdir='${prefix}/etc'
target_alias=''
themedarkdir='${datarootdir}/themes/Arc-Dark'
themedarkerdir='${datarootdir}/themes/Arc-Darker'
themedir='${datarootdir}/themes/Arc'

## ----------- ##
## confdefs.h. ##
## ----------- ##

/* confdefs.h */
#define PACKAGE_NAME "arc-theme"
#define PACKAGE_TARNAME "arc-theme"
#define PACKAGE_VERSION "20190917"
#define PACKAGE_STRING "arc-theme 20190917"
#define PACKAGE_BUGREPORT "https://github.com/arc-design/arc-theme/issues"
#define PACKAGE_URL "https://github.com/arc-design/arc-theme"
#define PACKAGE "arc-theme"
#define VERSION "20190917"

configure: exit 0
